<?xml version="1.0" encoding="UTF-8" ?>
<testsuite tests="4" failures="0" name="ssvv.project.service.ServiceTest" time="0.562" errors="0" skipped="0">
  <properties>
[...]
</properties>
  <testcase classname="ssvv.project.service.ServiceTest" name="addStudentPositiveIDs" time="0.194"/>
  <testcase classname="ssvv.project.service.ServiceTest" name="addStudentNegativeIDs" time="0.026"/>
  <testcase classname="ssvv.project.service.ServiceTest" name="addStudentBVA" time="0.034"/>
  <testcase classname="ssvv.project.service.ServiceTest" name="addStudentNullIDs" time="0.024"/>
</testsuite>